Using pre-set license
Built from '2021.3/staging' branch; Version is '2021.3.22f1 (b6c551784ba3) revision 11978065'; Using compiler version '192829333'; Build Type 'Release'
OS: 'Windows 10  (10.0.19045) 64bit Core' Language: 'ko' Physical Memory: 32706 MB
BatchMode: 1, IsHumanControllingUs: 0, StartBugReporterOnCrash: 0, Is64bit: 1, IsPro: 1

COMMAND LINE ARGUMENTS:
C:\Program Files\Unity\Hub\Editor\2021.3.22f1\Editor\Unity.exe
-adb2
-batchMode
-noUpm
-name
AssetImportWorker1
-projectPath
E:/RPG
-logFile
Logs/AssetImportWorker1.log
-srvPort
7741
Successfully changed project path to: E:/RPG
E:/RPG
[UnityMemory] Configuration Parameters - Can be set up in boot.config
    "memorysetup-bucket-allocator-granularity=16"
    "memorysetup-bucket-allocator-bucket-count=8"
    "memorysetup-bucket-allocator-block-size=33554432"
    "memorysetup-bucket-allocator-block-count=8"
    "memorysetup-main-allocator-block-size=16777216"
    "memorysetup-thread-allocator-block-size=16777216"
    "memorysetup-gfx-main-allocator-block-size=16777216"
    "memorysetup-gfx-thread-allocator-block-size=16777216"
    "memorysetup-cache-allocator-block-size=4194304"
    "memorysetup-typetree-allocator-block-size=2097152"
    "memorysetup-profiler-bucket-allocator-granularity=16"
    "memorysetup-profiler-bucket-allocator-bucket-count=8"
    "memorysetup-profiler-bucket-allocator-block-size=33554432"
    "memorysetup-profiler-bucket-allocator-block-count=8"
    "memorysetup-profiler-allocator-block-size=16777216"
    "memorysetup-profiler-editor-allocator-block-size=1048576"
    "memorysetup-temp-allocator-size-main=16777216"
    "memorysetup-job-temp-allocator-block-size=2097152"
    "memorysetup-job-temp-allocator-block-size-background=1048576"
    "memorysetup-job-temp-allocator-reduction-small-platforms=262144"
    "memorysetup-temp-allocator-size-background-worker=32768"
    "memorysetup-temp-allocator-size-job-worker=262144"
    "memorysetup-temp-allocator-size-preload-manager=33554432"
    "memorysetup-temp-allocator-size-nav-mesh-worker=65536"
    "memorysetup-temp-allocator-size-audio-worker=65536"
    "memorysetup-temp-allocator-size-cloud-worker=32768"
    "memorysetup-temp-allocator-size-gi-baking-worker=262144"
    "memorysetup-temp-allocator-size-gfx=262144"
Player connection [66764] Host "[IP] 192.168.0.2 [Port] 0 [Flags] 2 [Guid] 3907934941 [EditorId] 3907934941 [Version] 1048832 [Id] WindowsEditor(7,DESKTOP-P4L4S61) [Debug] 1 [PackageName] WindowsEditor [ProjectName] Editor" joined multi-casting on [225.0.0.222:54997]...

Player connection [66764] Host "[IP] 192.168.0.2 [Port] 0 [Flags] 2 [Guid] 3907934941 [EditorId] 3907934941 [Version] 1048832 [Id] WindowsEditor(7,DESKTOP-P4L4S61) [Debug] 1 [PackageName] WindowsEditor [ProjectName] Editor" joined alternative multi-casting on [225.0.0.222:34997]...

Refreshing native plugins compatible for Editor in 195.51 ms, found 2 plugins.
Preloading 0 native plugins for Editor in 0.00 ms.
Initialize engine version: 2021.3.22f1 (b6c551784ba3)
[Subsystems] Discovering subsystems at path C:/Program Files/Unity/Hub/Editor/2021.3.22f1/Editor/Data/Resources/UnitySubsystems
[Subsystems] Discovering subsystems at path E:/RPG/Assets
GfxDevice: creating device client; threaded=0; jobified=0
Direct3D:
    Version:  Direct3D 11.0 [level 11.1]
    Renderer: Radeon RX 570 Series (ID=0x67df)
    Vendor:   ATI
    VRAM:     4074 MB
    Driver:   31.0.14037.1007
Initialize mono
Mono path[0] = 'C:/Program Files/Unity/Hub/Editor/2021.3.22f1/Editor/Data/Managed'
Mono path[1] = 'C:/Program Files/Unity/Hub/Editor/2021.3.22f1/Editor/Data/MonoBleedingEdge/lib/mono/unityjit-win32'
Mono config path = 'C:/Program Files/Unity/Hub/Editor/2021.3.22f1/Editor/Data/MonoBleedingEdge/etc'
Using monoOptions --debugger-agent=transport=dt_socket,embedding=1,server=y,suspend=n,address=127.0.0.1:56496
Begin MonoManager ReloadAssembly
Registering precompiled unity dll's ...
Register platform support module: C:/Program Files/Unity/Hub/Editor/2021.3.22f1/Editor/Data/PlaybackEngines/AndroidPlayer/UnityEditor.Android.Extensions.dll
Register platform support module: C:/Program Files/Unity/Hub/Editor/2021.3.22f1/Editor/Data/PlaybackEngines/WindowsStandaloneSupport/UnityEditor.WindowsStandalone.Extensions.dll
Registered in 0.023425 seconds.
Native extension for WindowsStandalone target not found
Native extension for Android target not found
Android Extension - Scanning For ADB Devices 1045 ms
Refreshing native plugins compatible for Editor in 126.53 ms, found 2 plugins.
Preloading 0 native plugins for Editor in 0.00 ms.
Mono: successfully reloaded assembly
- Completed reload, in  2.836 seconds
Domain Reload Profiling:
	ReloadAssembly (2837ms)
		BeginReloadAssembly (353ms)
			ExecutionOrderSort (0ms)
			DisableScriptedObjects (0ms)
			BackupInstance (0ms)
			ReleaseScriptingObjects (0ms)
			CreateAndSetChildDomain (1ms)
		EndReloadAssembly (2228ms)
			LoadAssemblies (337ms)
			RebuildTransferFunctionScriptingTraits (0ms)
			SetupTypeCache (325ms)
			ReleaseScriptCaches (0ms)
			RebuildScriptCaches (121ms)
			SetupLoadedEditorAssemblies (1632ms)
				LogAssemblyErrors (0ms)
				InitializePlatformSupportModulesInManaged (1233ms)
				SetLoadedEditorAssemblies (0ms)
				RefreshPlugins (127ms)
				BeforeProcessingInitializeOnLoad (2ms)
				ProcessInitializeOnLoadAttributes (164ms)
				ProcessInitializeOnLoadMethodAttributes (106ms)
				AfterProcessingInitializeOnLoad (0ms)
				EditorAssembliesLoaded (0ms)
			ExecutionOrderSort2 (0ms)
			AwakeInstancesAfterBackupRestoration (0ms)
Platform modules already initialized, skipping
Registering precompiled user dll's ...
Registered in 0.009807 seconds.
Begin MonoManager ReloadAssembly
Native extension for WindowsStandalone target not found
Native extension for Android target not found
Refreshing native plugins compatible for Editor in 0.93 ms, found 2 plugins.
Preloading 0 native plugins for Editor in 0.00 ms.
Mono: successfully reloaded assembly
- Completed reload, in  1.801 seconds
Domain Reload Profiling:
	ReloadAssembly (1802ms)
		BeginReloadAssembly (240ms)
			ExecutionOrderSort (0ms)
			DisableScriptedObjects (6ms)
			BackupInstance (0ms)
			ReleaseScriptingObjects (0ms)
			CreateAndSetChildDomain (36ms)
		EndReloadAssembly (1341ms)
			LoadAssemblies (217ms)
			RebuildTransferFunctionScriptingTraits (0ms)
			SetupTypeCache (361ms)
			ReleaseScriptCaches (0ms)
			RebuildScriptCaches (101ms)
			SetupLoadedEditorAssemblies (592ms)
				LogAssemblyErrors (0ms)
				InitializePlatformSupportModulesInManaged (40ms)
				SetLoadedEditorAssemblies (0ms)
				RefreshPlugins (1ms)
				BeforeProcessingInitializeOnLoad (108ms)
				ProcessInitializeOnLoadAttributes (387ms)
				ProcessInitializeOnLoadMethodAttributes (38ms)
				AfterProcessingInitializeOnLoad (18ms)
				EditorAssembliesLoaded (0ms)
			ExecutionOrderSort2 (0ms)
			AwakeInstancesAfterBackupRestoration (15ms)
Platform modules already initialized, skipping
========================================================================
Worker process is ready to serve import requests
Launched and connected shader compiler UnityShaderCompiler.exe after 0.08 seconds
Refreshing native plugins compatible for Editor in 2.24 ms, found 2 plugins.
Preloading 0 native plugins for Editor in 0.00 ms.
Unloading 1593 Unused Serialized files (Serialized files now loaded: 0)
Unloading 31 unused Assets / (483.3 KB). Loaded Objects now: 2082.
Memory consumption went from 136.2 MB to 135.7 MB.
Total: 4.425100 ms (FindLiveObjects: 0.204400 ms CreateObjectMapping: 0.098200 ms MarkObjects: 2.970100 ms  DeleteObjects: 1.151000 ms)

AssetImportParameters requested are different than current active one (requested -> active):
  custom:video-decoder-ogg-theora: a1e56fd34408186e4bbccfd4996cb3dc -> 
  custom:container-muxer-webm: aa71ff27fc2769a1b78a27578f13a17b -> 
  custom:container-demuxer-webm: 4f35f7cbe854078d1ac9338744f61a02 -> 
  custom:video-encoder-webm-vp8: eb34c28f22e8b96e1ab97ce403110664 -> 
  custom:audio-encoder-webm-vorbis: bf7c407c2cedff20999df2af8eb42d56 -> 
  custom:framework-win-MediaFoundation: 216162199b28c13a410421893ffa2e32 -> 
  custom:container-demuxer-ogg: 62fdf1f143b41e24485cea50d1cbac27 -> 
  custom:video-decoder-webm-vp8: 9c59270c3fd7afecdb556c50c9e8de78 -> 
  custom:audio-decoder-ogg-vorbis: bf7c407c2cedff20999df2af8eb42d56 -> 
========================================================================
Received Import Request.
  Time since last request: 94756.313099 seconds.
  path: Assets/orknecromant/orknecromant Animator Controller.controller
  artifactKey: Guid(ff67ceb6d8f69e44792f2221b34a8d7b) Importer(815301076,1909f56bfc062723c751e8b465ee728b)
Start importing Assets/orknecromant/orknecromant Animator Controller.controller using Guid(ff67ceb6d8f69e44792f2221b34a8d7b) Importer(815301076,1909f56bfc062723c751e8b465ee728b)  -> (artifact id: 'dbd30e79a499b74d9b10984778ae501b') in 0.196115 seconds 
========================================================================
Received Import Request.
  Time since last request: 9.572996 seconds.
  path: Assets/Free medieval weapons/Materials/Arrows_Arrows_AlbedoTransparency.mat
  artifactKey: Guid(1201d18f1d0036c4cb8db4ea673d897e) Importer(815301076,1909f56bfc062723c751e8b465ee728b)
Start importing Assets/Free medieval weapons/Materials/Arrows_Arrows_AlbedoTransparency.mat using Guid(1201d18f1d0036c4cb8db4ea673d897e) Importer(815301076,1909f56bfc062723c751e8b465ee728b)  -> (artifact id: '2f850df7c7da1c2c38baeaee82e0abae') in 0.558036 seconds 
========================================================================
Received Import Request.
  Time since last request: 0.000032 seconds.
  path: Assets/Medieval Mega Pack/MMP 1/FBX/Materials/Glass Transparent.mat
  artifactKey: Guid(f13b4ba098af75c4c9bf8aaef6262ba4) Importer(815301076,1909f56bfc062723c751e8b465ee728b)
Start importing Assets/Medieval Mega Pack/MMP 1/FBX/Materials/Glass Transparent.mat using Guid(f13b4ba098af75c4c9bf8aaef6262ba4) Importer(815301076,1909f56bfc062723c751e8b465ee728b)  -> (artifact id: 'a6d7120069bd7d794465ba673079564a') in 0.476277 seconds 
========================================================================
Received Import Request.
  Time since last request: 0.000041 seconds.
  path: Assets/JP Environmental Asset Pack/Textures/Tree 3/Dead Tree 3 RFS_Tree 1 Mat_AlbedoTransparency.png
  artifactKey: Guid(47fe93e2a69ccd742a06f99fafd23dc7) Importer(815301076,1909f56bfc062723c751e8b465ee728b)
Start importing Assets/JP Environmental Asset Pack/Textures/Tree 3/Dead Tree 3 RFS_Tree 1 Mat_AlbedoTransparency.png using Guid(47fe93e2a69ccd742a06f99fafd23dc7) Importer(815301076,1909f56bfc062723c751e8b465ee728b)  -> (artifact id: 'fa182cb027565bd487fcddd0e4ebb0ff') in 0.050960 seconds 
========================================================================
Received Import Request.
  Time since last request: 0.000017 seconds.
  path: Assets/InventoryMaster/Textures/Example Inventory/2/Character_Panel.png
  artifactKey: Guid(c69efa4038f136d47abce6603e23294d) Importer(815301076,1909f56bfc062723c751e8b465ee728b)
Start importing Assets/InventoryMaster/Textures/Example Inventory/2/Character_Panel.png using Guid(c69efa4038f136d47abce6603e23294d) Importer(815301076,1909f56bfc062723c751e8b465ee728b)  -> (artifact id: 'c702cd6b4662398790273cc9ba93fb75') in 0.074365 seconds 
========================================================================
Received Import Request.
  Time since last request: 0.000028 seconds.
  path: Assets/Medieval Mega Pack/MMP 2 (NEWEST)/PBR Docks Sample Assets/FBX/Textures/Cliff_Chunk_1A1_DefaultMaterial_AlbedoTransparency.png
  artifactKey: Guid(4743e460f57bb8547b234995e3be2c5d) Importer(815301076,1909f56bfc062723c751e8b465ee728b)
Start importing Assets/Medieval Mega Pack/MMP 2 (NEWEST)/PBR Docks Sample Assets/FBX/Textures/Cliff_Chunk_1A1_DefaultMaterial_AlbedoTransparency.png using Guid(4743e460f57bb8547b234995e3be2c5d) Importer(815301076,1909f56bfc062723c751e8b465ee728b)  -> (artifact id: '1bfdcb91f83731472218aac96ec026e9') in 0.047564 seconds 
========================================================================
Received Import Request.
  Time since last request: 0.000022 seconds.
  path: Assets/Free medieval weapons/Textures/DoubleSided_Axes_low_Axes_DS_AlbedoTransparency.png
  artifactKey: Guid(c8966790faa0676418dc9d955a8bcdd3) Importer(815301076,1909f56bfc062723c751e8b465ee728b)
Start importing Assets/Free medieval weapons/Textures/DoubleSided_Axes_low_Axes_DS_AlbedoTransparency.png using Guid(c8966790faa0676418dc9d955a8bcdd3) Importer(815301076,1909f56bfc062723c751e8b465ee728b)  -> (artifact id: '61e74aa909c607b0503926e7254c0155') in 0.028811 seconds 
========================================================================
Received Import Request.
  Time since last request: 0.000030 seconds.
  path: Assets/Medieval Mega Pack/MMP 2 (NEWEST)/FBX/Textures/NEW CASTLES Plane 1_NEW Window_AlbedoTransparency.png
  artifactKey: Guid(3bd140db17dc3fb4886ef62b64a8a969) Importer(815301076,1909f56bfc062723c751e8b465ee728b)
Start importing Assets/Medieval Mega Pack/MMP 2 (NEWEST)/FBX/Textures/NEW CASTLES Plane 1_NEW Window_AlbedoTransparency.png using Guid(3bd140db17dc3fb4886ef62b64a8a969) Importer(815301076,1909f56bfc062723c751e8b465ee728b)  -> (artifact id: 'bc9db014c6631de9e589d87a6304719d') in 0.030218 seconds 
========================================================================
Received Import Request.
  Time since last request: 0.000033 seconds.
  path: Assets/GothicUI/Artworks/ChatBar_botpart.png
  artifactKey: Guid(8409f0c28c76a6b44bce906f71428654) Importer(815301076,1909f56bfc062723c751e8b465ee728b)
Start importing Assets/GothicUI/Artworks/ChatBar_botpart.png using Guid(8409f0c28c76a6b44bce906f71428654) Importer(815301076,1909f56bfc062723c751e8b465ee728b)  -> (artifact id: 'e185772d05e4a1d686a4f581b5829640') in 0.033805 seconds 
========================================================================
Received Import Request.
  Time since last request: 0.000025 seconds.
  path: Assets/Medieval Melee Weapon Pack/textures/DoubleSided_Axes_low_Axes_DS_AlbedoTransparency.png
  artifactKey: Guid(2ce6d7c7630350f4297d7564fa71b4be) Importer(815301076,1909f56bfc062723c751e8b465ee728b)
Start importing Assets/Medieval Melee Weapon Pack/textures/DoubleSided_Axes_low_Axes_DS_AlbedoTransparency.png using Guid(2ce6d7c7630350f4297d7564fa71b4be) Importer(815301076,1909f56bfc062723c751e8b465ee728b)  -> (artifact id: 'bd9cfc646f7d0acb6a744e3101578f61') in 0.024840 seconds 
========================================================================
Received Import Request.
  Time since last request: 0.000020 seconds.
  path: Assets/JP Environmental Asset Pack/Models/Grass Patch Large.FBX
  artifactKey: Guid(d7130bad559ee6f4ebc3641ee16370c8) Importer(815301076,1909f56bfc062723c751e8b465ee728b)
Start importing Assets/JP Environmental Asset Pack/Models/Grass Patch Large.FBX using Guid(d7130bad559ee6f4ebc3641ee16370c8) Importer(815301076,1909f56bfc062723c751e8b465ee728b)  -> (artifact id: '317389ccc31acc39e492acf67e7f6bd3') in 0.735220 seconds 
========================================================================
Received Import Request.
  Time since last request: 0.000036 seconds.
  path: Assets/Medieval Mega Pack/MMP 2 (NEWEST)/FBX/Textures/DOORS 1_door 1_AlbedoTransparency.png
  artifactKey: Guid(4af6918ba10a3094e88eb078f9b7abda) Importer(815301076,1909f56bfc062723c751e8b465ee728b)
Start importing Assets/Medieval Mega Pack/MMP 2 (NEWEST)/FBX/Textures/DOORS 1_door 1_AlbedoTransparency.png using Guid(4af6918ba10a3094e88eb078f9b7abda) Importer(815301076,1909f56bfc062723c751e8b465ee728b)  -> (artifact id: '226b97e0712dad6ec0c5c60269725d1d') in 0.035967 seconds 
========================================================================
Received Import Request.
  Time since last request: 0.000033 seconds.
  path: Assets/Medieval Mega Pack/MMP 2 (NEWEST)/FBX/Textures/Castle Detail Stone 1_DefaultMaterial_AlbedoTransparency.png
  artifactKey: Guid(15661098e9ce0664ebf1f2fc1c1e4765) Importer(815301076,1909f56bfc062723c751e8b465ee728b)
Start importing Assets/Medieval Mega Pack/MMP 2 (NEWEST)/FBX/Textures/Castle Detail Stone 1_DefaultMaterial_AlbedoTransparency.png using Guid(15661098e9ce0664ebf1f2fc1c1e4765) Importer(815301076,1909f56bfc062723c751e8b465ee728b)  -> (artifact id: '01b09e74b0ad265d6f3b4b72e0588fac') in 0.023252 seconds 
========================================================================
Received Import Request.
  Time since last request: 0.000021 seconds.
  path: Assets/Medieval Mega Pack/MMP 2 (NEWEST)/PBR Docks Sample Assets/FBX/Textures/Cliff_Chunk_1A1_DefaultMaterial_AlbedoTransparency 2.png
  artifactKey: Guid(d848ccadd46deae4c9717672d7edaaeb) Importer(815301076,1909f56bfc062723c751e8b465ee728b)
Start importing Assets/Medieval Mega Pack/MMP 2 (NEWEST)/PBR Docks Sample Assets/FBX/Textures/Cliff_Chunk_1A1_DefaultMaterial_AlbedoTransparency 2.png using Guid(d848ccadd46deae4c9717672d7edaaeb) Importer(815301076,1909f56bfc062723c751e8b465ee728b)  -> (artifact id: '35496d5b6c0d85b84e71a2238290be7f') in 0.029977 seconds 
========================================================================
Received Import Request.
  Time since last request: 0.000023 seconds.
  path: Assets/_AdvancedTerrainGrass/_Demos/_BOTD Demo Assets/Fern/Sources/Ferns [Albedo] [Opacity].mat
  artifactKey: Guid(9421b10667a16493f9184ce7b050ba2d) Importer(815301076,1909f56bfc062723c751e8b465ee728b)
Start importing Assets/_AdvancedTerrainGrass/_Demos/_BOTD Demo Assets/Fern/Sources/Ferns [Albedo] [Opacity].mat using Guid(9421b10667a16493f9184ce7b050ba2d) Importer(815301076,1909f56bfc062723c751e8b465ee728b)  -> (artifact id: 'a14580812eb5a4c89533e2889c57faa5') in 0.676315 seconds 
========================================================================
Received Import Request.
  Time since last request: 0.000028 seconds.
  path: Assets/Medieval Mega Pack/MMP 2 (NEWEST)/FBX/Textures/Furniture Parts 1_Furniture 1_AO.png
  artifactKey: Guid(f139877bc764a3748ae2cc9c4954e3cf) Importer(815301076,1909f56bfc062723c751e8b465ee728b)
Start importing Assets/Medieval Mega Pack/MMP 2 (NEWEST)/FBX/Textures/Furniture Parts 1_Furniture 1_AO.png using Guid(f139877bc764a3748ae2cc9c4954e3cf) Importer(815301076,1909f56bfc062723c751e8b465ee728b)  -> (artifact id: '5f29129cee667d4e1d3bae4a70f0903a') in 0.027957 seconds 
========================================================================
Received Import Request.
  Time since last request: 0.000033 seconds.
  path: Assets/Medieval Mega Pack/MMP 2 (NEWEST)/FBX/Textures/Furniture Parts 1_Furniture 1_Normal.png
  artifactKey: Guid(a98a94c191a5eb843bcc7cc8349c03a0) Importer(815301076,1909f56bfc062723c751e8b465ee728b)
Start importing Assets/Medieval Mega Pack/MMP 2 (NEWEST)/FBX/Textures/Furniture Parts 1_Furniture 1_Normal.png using Guid(a98a94c191a5eb843bcc7cc8349c03a0) Importer(815301076,1909f56bfc062723c751e8b465ee728b)  -> (artifact id: '6dbaeee378298056744cf4ef0129863f') in 0.037181 seconds 
========================================================================
Received Import Request.
  Time since last request: 0.000023 seconds.
  path: Assets/InventoryMaster/Textures/Example Inventory/2/Inventory_Panel.png
  artifactKey: Guid(80ad07ba3cdf62f4cac7ad6313e1a6f2) Importer(815301076,1909f56bfc062723c751e8b465ee728b)
Start importing Assets/InventoryMaster/Textures/Example Inventory/2/Inventory_Panel.png using Guid(80ad07ba3cdf62f4cac7ad6313e1a6f2) Importer(815301076,1909f56bfc062723c751e8b465ee728b)  -> (artifact id: '74e48c61bfb1fa9f1819300c7eb82498') in 0.049378 seconds 
========================================================================
Received Import Request.
  Time since last request: 0.000035 seconds.
  path: Assets/Medieval Mega Pack/MMP 2 (NEWEST)/FBX/Textures/NEW CASTLES Plane 1_NEW Cobblestone 1_AlbedoTransparency.png
  artifactKey: Guid(e9abd39005445094cae0e29c3d25c6d4) Importer(815301076,1909f56bfc062723c751e8b465ee728b)
Start importing Assets/Medieval Mega Pack/MMP 2 (NEWEST)/FBX/Textures/NEW CASTLES Plane 1_NEW Cobblestone 1_AlbedoTransparency.png using Guid(e9abd39005445094cae0e29c3d25c6d4) Importer(815301076,1909f56bfc062723c751e8b465ee728b)  -> (artifact id: '772145e082616ccca91b48a85b57f3ea') in 0.026960 seconds 
========================================================================
Received Import Request.
  Time since last request: 0.000032 seconds.
  path: Assets/_AdvancedTerrainGrass/_Demos/_BOTD Demo Assets/Broadleaf Shrub/Sources/Broadleaf_Shrub [Albedo] [Opacity].mat
  artifactKey: Guid(13f63173b82124b0e81e29226da6b070) Importer(815301076,1909f56bfc062723c751e8b465ee728b)
Start importing Assets/_AdvancedTerrainGrass/_Demos/_BOTD Demo Assets/Broadleaf Shrub/Sources/Broadleaf_Shrub [Albedo] [Opacity].mat using Guid(13f63173b82124b0e81e29226da6b070) Importer(815301076,1909f56bfc062723c751e8b465ee728b)  -> (artifact id: 'c7a76cd79a617726e2302d76352cfa0a') in 0.026936 seconds 
========================================================================
Received Import Request.
  Time since last request: 0.000029 seconds.
  path: Assets/_AdvancedTerrainGrass/_Demos/_BOTD Demo Assets/Fern/Sources/Fern [Albedo] [Opacity].tif
  artifactKey: Guid(824a9f2c4710843749487651270306db) Importer(815301076,1909f56bfc062723c751e8b465ee728b)
Start importing Assets/_AdvancedTerrainGrass/_Demos/_BOTD Demo Assets/Fern/Sources/Fern [Albedo] [Opacity].tif using Guid(824a9f2c4710843749487651270306db) Importer(815301076,1909f56bfc062723c751e8b465ee728b)  -> (artifact id: '4157f71a56a94fa26cc644fe352033e8') in 0.037228 seconds 
========================================================================
Received Import Request.
  Time since last request: 0.000033 seconds.
  path: Assets/InventoryMaster/Textures/I_Opal.png
  artifactKey: Guid(f33667ee68a803f439dcb26748711b3c) Importer(815301076,1909f56bfc062723c751e8b465ee728b)
Start importing Assets/InventoryMaster/Textures/I_Opal.png using Guid(f33667ee68a803f439dcb26748711b3c) Importer(815301076,1909f56bfc062723c751e8b465ee728b)  -> (artifact id: '7576d02bd2fcda59c49bb83de543e763') in 0.035086 seconds 
========================================================================
Received Import Request.
  Time since last request: 0.000028 seconds.
  path: Assets/_AdvancedTerrainGrass/_Demos/_BOTD Demo Assets/Broadleaf Shrub/Sources/Broadleaf_Shrub [Albedo] [Opacity].tif
  artifactKey: Guid(0d78305ad1fa84847931cba60b5a8492) Importer(815301076,1909f56bfc062723c751e8b465ee728b)
Start importing Assets/_AdvancedTerrainGrass/_Demos/_BOTD Demo Assets/Broadleaf Shrub/Sources/Broadleaf_Shrub [Albedo] [Opacity].tif using Guid(0d78305ad1fa84847931cba60b5a8492) Importer(815301076,1909f56bfc062723c751e8b465ee728b)  -> (artifact id: '9c07ed3470a9e7d44303f6d78399a9e1') in 0.051303 seconds 
========================================================================
Received Import Request.
  Time since last request: 0.000022 seconds.
  path: Assets/Medieval Mega Pack/MMP 2 (NEWEST)/FBX/Textures/NEW CASTLES Plane 1_Concrete Wall 1A1_AlbedoTransparency.png
  artifactKey: Guid(17ac9ad5ec7f61646b7c9c5734087aac) Importer(815301076,1909f56bfc062723c751e8b465ee728b)
Start importing Assets/Medieval Mega Pack/MMP 2 (NEWEST)/FBX/Textures/NEW CASTLES Plane 1_Concrete Wall 1A1_AlbedoTransparency.png using Guid(17ac9ad5ec7f61646b7c9c5734087aac) Importer(815301076,1909f56bfc062723c751e8b465ee728b)  -> (artifact id: '60562ae14372928228ecb020321ae59c') in 0.018629 seconds 
========================================================================
Received Import Request.
  Time since last request: 0.000028 seconds.
  path: Assets/GothicUI/Artworks/Compass/compass_ring.png
  artifactKey: Guid(91dc9202762951f4aaa2f56c9d6922f3) Importer(815301076,1909f56bfc062723c751e8b465ee728b)
Start importing Assets/GothicUI/Artworks/Compass/compass_ring.png using Guid(91dc9202762951f4aaa2f56c9d6922f3) Importer(815301076,1909f56bfc062723c751e8b465ee728b)  -> (artifact id: '9912ed3207cac2d27930bd524b843b52') in 0.027562 seconds 
========================================================================
Received Import Request.
  Time since last request: 0.000019 seconds.
  path: Assets/GothicUI/Artworks/Compass/compass_arrows.png
  artifactKey: Guid(74c93d24c016d754e868780e678262e4) Importer(815301076,1909f56bfc062723c751e8b465ee728b)
Start importing Assets/GothicUI/Artworks/Compass/compass_arrows.png using Guid(74c93d24c016d754e868780e678262e4) Importer(815301076,1909f56bfc062723c751e8b465ee728b)  -> (artifact id: '2143b3a59974ac4b8593fc4daeec8172') in 0.022198 seconds 
========================================================================
Received Import Request.
  Time since last request: 0.000025 seconds.
  path: Assets/JP Environmental Asset Pack/Textures/Large Rock 1/Large Rock 1 RFS_DefaultMaterial_AlbedoTransparency.png
  artifactKey: Guid(5745d7ca50f6acd42be15319175bdea4) Importer(815301076,1909f56bfc062723c751e8b465ee728b)
Start importing Assets/JP Environmental Asset Pack/Textures/Large Rock 1/Large Rock 1 RFS_DefaultMaterial_AlbedoTransparency.png using Guid(5745d7ca50f6acd42be15319175bdea4) Importer(815301076,1909f56bfc062723c751e8b465ee728b)  -> (artifact id: '04b5396460e8a72edadaffefd71ac364') in 0.018008 seconds 
========================================================================
Received Import Request.
  Time since last request: 0.004142 seconds.
  path: Assets/PaladinCtrl.controller
  artifactKey: Guid(8ac9a63691435014cae381af004f3e6f) Importer(815301076,1909f56bfc062723c751e8b465ee728b)
Start importing Assets/PaladinCtrl.controller using Guid(8ac9a63691435014cae381af004f3e6f) Importer(815301076,1909f56bfc062723c751e8b465ee728b)  -> (artifact id: 'a2f0b39bc00ed609240526c1616e366e') in 0.024754 seconds 
========================================================================
Received Import Request.
  Time since last request: 23.862551 seconds.
  path: Assets/Character/back2.fbx
  artifactKey: Guid(ca873a1c28345974692da980cf78ce2d) Importer(815301076,1909f56bfc062723c751e8b465ee728b)
Start importing Assets/Character/back2.fbx using Guid(ca873a1c28345974692da980cf78ce2d) Importer(815301076,1909f56bfc062723c751e8b465ee728b)  -> (artifact id: 'bdaa9d23ccce8005b84cb0971d60ebfc') in 0.043765 seconds 
========================================================================
Received Import Request.
  Time since last request: 0.000031 seconds.
  path: Assets/Character/sheath sword 1.fbx
  artifactKey: Guid(a255db8d8cd640d4590bccbaccd84e41) Importer(815301076,1909f56bfc062723c751e8b465ee728b)
Start importing Assets/Character/sheath sword 1.fbx using Guid(a255db8d8cd640d4590bccbaccd84e41) Importer(815301076,1909f56bfc062723c751e8b465ee728b)  -> (artifact id: '8ceb7a4c1b758fa64b5af5492013a6a5') in 0.069095 seconds 
========================================================================
Received Import Request.
  Time since last request: 0.000041 seconds.
  path: Assets/Character/idle.fbx
  artifactKey: Guid(fa753f662a478b448b0d631d579a1c46) Importer(815301076,1909f56bfc062723c751e8b465ee728b)
Start importing Assets/Character/idle.fbx using Guid(fa753f662a478b448b0d631d579a1c46) Importer(815301076,1909f56bfc062723c751e8b465ee728b)  -> (artifact id: 'e0dc69062aafa960e6891595a009e35c') in 0.030382 seconds 
========================================================================
Received Import Request.
  Time since last request: 0.000346 seconds.
  path: Assets/Character/damage.fbx
  artifactKey: Guid(4dba47d13e9961b43a47e5c461933e85) Importer(815301076,1909f56bfc062723c751e8b465ee728b)
Start importing Assets/Character/damage.fbx using Guid(4dba47d13e9961b43a47e5c461933e85) Importer(815301076,1909f56bfc062723c751e8b465ee728b)  -> (artifact id: '76be341903a452de7ba2e18cbc859564') in 0.037159 seconds 
========================================================================
Received Import Request.
  Time since last request: 0.000035 seconds.
  path: Assets/Character/sheath sword 2.fbx
  artifactKey: Guid(74e4b18a9432b8e48b7cae66ba5754e4) Importer(815301076,1909f56bfc062723c751e8b465ee728b)
Start importing Assets/Character/sheath sword 2.fbx using Guid(74e4b18a9432b8e48b7cae66ba5754e4) Importer(815301076,1909f56bfc062723c751e8b465ee728b)  -> (artifact id: '09ae04a86012a3a5cc8a5d50d029fc31') in 0.050708 seconds 
========================================================================
Received Import Request.
  Time since last request: 0.000033 seconds.
  path: Assets/Character/walk2.fbx
  artifactKey: Guid(8474a47194ab7934eb4503f8f223214b) Importer(815301076,1909f56bfc062723c751e8b465ee728b)
Start importing Assets/Character/walk2.fbx using Guid(8474a47194ab7934eb4503f8f223214b) Importer(815301076,1909f56bfc062723c751e8b465ee728b)  -> (artifact id: 'fa23e8d6b0bb98e8828b83d10f9e8b3e') in 0.050612 seconds 
========================================================================
Received Import Request.
  Time since last request: 0.000072 seconds.
  path: Assets/Character/runattack.fbx
  artifactKey: Guid(9e1ed2975f8d16145b344216c9e2d44a) Importer(815301076,1909f56bfc062723c751e8b465ee728b)
Start importing Assets/Character/runattack.fbx using Guid(9e1ed2975f8d16145b344216c9e2d44a) Importer(815301076,1909f56bfc062723c751e8b465ee728b)  -> (artifact id: '0392a115f16936943286550865413e23') in 0.066112 seconds 
========================================================================
Received Import Request.
  Time since last request: 0.000028 seconds.
  path: Assets/Character/sword and shield block (2).fbx
  artifactKey: Guid(f31ae1c603b868c4c9bf9cd913f4fff9) Importer(815301076,1909f56bfc062723c751e8b465ee728b)
Start importing Assets/Character/sword and shield block (2).fbx using Guid(f31ae1c603b868c4c9bf9cd913f4fff9) Importer(815301076,1909f56bfc062723c751e8b465ee728b)  -> (artifact id: 'b0e2908f37a5d2921510d15588c7c42f') in 0.030419 seconds 
========================================================================
Received Import Request.
  Time since last request: 0.000031 seconds.
  path: Assets/Character/die.fbx
  artifactKey: Guid(6dc29f7551c7ecd4995221e544e60529) Importer(815301076,1909f56bfc062723c751e8b465ee728b)
Start importing Assets/Character/die.fbx using Guid(6dc29f7551c7ecd4995221e544e60529) Importer(815301076,1909f56bfc062723c751e8b465ee728b)  -> (artifact id: '0406f36c664bef97d944d7153bfc87f7') in 0.047299 seconds 
========================================================================
Received Import Request.
  Time since last request: 0.000024 seconds.
  path: Assets/Character/damage2.fbx
  artifactKey: Guid(e7e4bb96d13babf459d8d3baf0f6f20d) Importer(815301076,1909f56bfc062723c751e8b465ee728b)
Start importing Assets/Character/damage2.fbx using Guid(e7e4bb96d13babf459d8d3baf0f6f20d) Importer(815301076,1909f56bfc062723c751e8b465ee728b)  -> (artifact id: '6cbb38e346de0c65e2051cd593e85636') in 0.016956 seconds 
========================================================================
Received Import Request.
  Time since last request: 0.000032 seconds.
  path: Assets/Character/sword and shield idle (2).fbx
  artifactKey: Guid(4839f8731f497f34fb126cc5fc4e7cd0) Importer(815301076,1909f56bfc062723c751e8b465ee728b)
Start importing Assets/Character/sword and shield idle (2).fbx using Guid(4839f8731f497f34fb126cc5fc4e7cd0) Importer(815301076,1909f56bfc062723c751e8b465ee728b)  -> (artifact id: 'b3cd6347dfd219a2a2bcf7021be804c6') in 0.018254 seconds 
========================================================================
Received Import Request.
  Time since last request: 0.000020 seconds.
  path: Assets/Character/sword and shield 180 turn.fbx
  artifactKey: Guid(4687b70c01b3d46449f912b9044cbcc3) Importer(815301076,1909f56bfc062723c751e8b465ee728b)
Start importing Assets/Character/sword and shield 180 turn.fbx using Guid(4687b70c01b3d46449f912b9044cbcc3) Importer(815301076,1909f56bfc062723c751e8b465ee728b)  -> (artifact id: '82f1429fb43713ac208c518ab7811ce5') in 0.034793 seconds 
========================================================================
Received Import Request.
  Time since last request: 0.000158 seconds.
  path: Assets/Character/Sattack.fbx
  artifactKey: Guid(9bc10d8d6d67f224a93ff19ffe238f4a) Importer(815301076,1909f56bfc062723c751e8b465ee728b)
Start importing Assets/Character/Sattack.fbx using Guid(9bc10d8d6d67f224a93ff19ffe238f4a) Importer(815301076,1909f56bfc062723c751e8b465ee728b)  -> (artifact id: 'ad202386e39118bbf5b1bf3c17b2bec0') in 0.130902 seconds 
========================================================================
Received Import Request.
  Time since last request: 0.000029 seconds.
  path: Assets/Character/sword and shield crouch idle.fbx
  artifactKey: Guid(573c59f8922df444ca4911d22d0387d5) Importer(815301076,1909f56bfc062723c751e8b465ee728b)
Start importing Assets/Character/sword and shield crouch idle.fbx using Guid(573c59f8922df444ca4911d22d0387d5) Importer(815301076,1909f56bfc062723c751e8b465ee728b)  -> (artifact id: 'd7c25c601a07013bb28efb8187a606aa') in 0.026511 seconds 
========================================================================
Received Import Request.
  Time since last request: 0.000042 seconds.
  path: Assets/Character/sword and shield idle.fbx
  artifactKey: Guid(cb7b4b22444e05e438e13cb592669e99) Importer(815301076,1909f56bfc062723c751e8b465ee728b)
Start importing Assets/Character/sword and shield idle.fbx using Guid(cb7b4b22444e05e438e13cb592669e99) Importer(815301076,1909f56bfc062723c751e8b465ee728b)  -> (artifact id: '5dce1c7e1f21f828eef9cc855d851aba') in 0.026784 seconds 
========================================================================
Received Import Request.
  Time since last request: 0.000031 seconds.
  path: Assets/Character/right.fbx
  artifactKey: Guid(2cb5b47bd0054b946ade9f6a7748f291) Importer(815301076,1909f56bfc062723c751e8b465ee728b)
Start importing Assets/Character/right.fbx using Guid(2cb5b47bd0054b946ade9f6a7748f291) Importer(815301076,1909f56bfc062723c751e8b465ee728b)  -> (artifact id: 'cceab74e48e59f6c4aea876cb892c92f') in 0.035577 seconds 
========================================================================
Received Import Request.
  Time since last request: 0.003970 seconds.
  path: Assets/Character/sword and shield crouch block (2).fbx
  artifactKey: Guid(b38e9580f5493b945ab3e90b49144d4a) Importer(815301076,1909f56bfc062723c751e8b465ee728b)
Start importing Assets/Character/sword and shield crouch block (2).fbx using Guid(b38e9580f5493b945ab3e90b49144d4a) Importer(815301076,1909f56bfc062723c751e8b465ee728b)  -> (artifact id: '8c7a9621d8402c27d0c7ad894b150b17') in 0.042972 seconds 
========================================================================
Received Import Request.
  Time since last request: 0.000028 seconds.
  path: Assets/Character/damage3.fbx
  artifactKey: Guid(a42f0b462abff224e9f3df8821a93d02) Importer(815301076,1909f56bfc062723c751e8b465ee728b)
Start importing Assets/Character/damage3.fbx using Guid(a42f0b462abff224e9f3df8821a93d02) Importer(815301076,1909f56bfc062723c751e8b465ee728b)  -> (artifact id: 'db8ef251fbf7ba5f32c005d9445b2311') in 0.037556 seconds 
========================================================================
Received Import Request.
  Time since last request: 0.000028 seconds.
  path: Assets/Character/shield block.fbx
  artifactKey: Guid(398bbf4aaa6815140b8ee819f8cb2ea6) Importer(815301076,1909f56bfc062723c751e8b465ee728b)
Start importing Assets/Character/shield block.fbx using Guid(398bbf4aaa6815140b8ee819f8cb2ea6) Importer(815301076,1909f56bfc062723c751e8b465ee728b)  -> (artifact id: 'fa9ca2743c22770d0e53368134b398bf') in 0.045588 seconds 
========================================================================
Received Prepare
Registering precompiled user dll's ...
Registered in 0.003115 seconds.
Begin MonoManager ReloadAssembly
Native extension for WindowsStandalone target not found
Native extension for Android target not found
Refreshing native plugins compatible for Editor in 2.43 ms, found 2 plugins.
Preloading 0 native plugins for Editor in 0.00 ms.
Mono: successfully reloaded assembly
- Completed reload, in  1.366 seconds
Domain Reload Profiling:
	ReloadAssembly (1367ms)
		BeginReloadAssembly (248ms)
			ExecutionOrderSort (0ms)
			DisableScriptedObjects (6ms)
			BackupInstance (0ms)
			ReleaseScriptingObjects (0ms)
			CreateAndSetChildDomain (55ms)
		EndReloadAssembly (942ms)
			LoadAssemblies (167ms)
			RebuildTransferFunctionScriptingTraits (0ms)
			SetupTypeCache (287ms)
			ReleaseScriptCaches (1ms)
			RebuildScriptCaches (57ms)
			SetupLoadedEditorAssemblies (423ms)
				LogAssemblyErrors (0ms)
				InitializePlatformSupportModulesInManaged (24ms)
				SetLoadedEditorAssemblies (1ms)
				RefreshPlugins (3ms)
				BeforeProcessingInitializeOnLoad (65ms)
				ProcessInitializeOnLoadAttributes (287ms)
				ProcessInitializeOnLoadMethodAttributes (27ms)
				AfterProcessingInitializeOnLoad (16ms)
				EditorAssembliesLoaded (0ms)
			ExecutionOrderSort2 (0ms)
			AwakeInstancesAfterBackupRestoration (19ms)
Platform modules already initialized, skipping
Refreshing native plugins compatible for Editor in 1.54 ms, found 2 plugins.
Preloading 0 native plugins for Editor in 0.00 ms.
Unloading 1564 Unused Serialized files (Serialized files now loaded: 0)
Unloading 12 unused Assets / (457.6 KB). Loaded Objects now: 2152.
Memory consumption went from 138.1 MB to 137.7 MB.
Total: 2.835100 ms (FindLiveObjects: 0.167400 ms CreateObjectMapping: 0.064100 ms MarkObjects: 2.399800 ms  DeleteObjects: 0.202900 ms)

AssetImportParameters requested are different than current active one (requested -> active):
  custom:video-decoder-ogg-theora: a1e56fd34408186e4bbccfd4996cb3dc -> 
  custom:container-muxer-webm: aa71ff27fc2769a1b78a27578f13a17b -> 
  custom:container-demuxer-webm: 4f35f7cbe854078d1ac9338744f61a02 -> 
  custom:video-encoder-webm-vp8: eb34c28f22e8b96e1ab97ce403110664 -> 
  custom:audio-encoder-webm-vorbis: bf7c407c2cedff20999df2af8eb42d56 -> 
  custom:framework-win-MediaFoundation: 216162199b28c13a410421893ffa2e32 -> 
  custom:container-demuxer-ogg: 62fdf1f143b41e24485cea50d1cbac27 -> 
  custom:video-decoder-webm-vp8: 9c59270c3fd7afecdb556c50c9e8de78 -> 
  custom:audio-decoder-ogg-vorbis: bf7c407c2cedff20999df2af8eb42d56 -> 
