Using pre-set license
Built from '2021.3/staging' branch; Version is '2021.3.22f1 (b6c551784ba3) revision 11978065'; Using compiler version '192829333'; Build Type 'Release'
OS: 'Windows 10  (10.0.19045) 64bit Core' Language: 'ko' Physical Memory: 32706 MB
BatchMode: 1, IsHumanControllingUs: 0, StartBugReporterOnCrash: 0, Is64bit: 1, IsPro: 1

COMMAND LINE ARGUMENTS:
C:\Program Files\Unity\Hub\Editor\2021.3.22f1\Editor\Unity.exe
-adb2
-batchMode
-noUpm
-name
AssetImportWorker2
-projectPath
E:/RPG
-logFile
Logs/AssetImportWorker2.log
-srvPort
7741
Successfully changed project path to: E:/RPG
E:/RPG
[UnityMemory] Configuration Parameters - Can be set up in boot.config
    "memorysetup-bucket-allocator-granularity=16"
    "memorysetup-bucket-allocator-bucket-count=8"
    "memorysetup-bucket-allocator-block-size=33554432"
    "memorysetup-bucket-allocator-block-count=8"
    "memorysetup-main-allocator-block-size=16777216"
    "memorysetup-thread-allocator-block-size=16777216"
    "memorysetup-gfx-main-allocator-block-size=16777216"
    "memorysetup-gfx-thread-allocator-block-size=16777216"
    "memorysetup-cache-allocator-block-size=4194304"
    "memorysetup-typetree-allocator-block-size=2097152"
    "memorysetup-profiler-bucket-allocator-granularity=16"
    "memorysetup-profiler-bucket-allocator-bucket-count=8"
    "memorysetup-profiler-bucket-allocator-block-size=33554432"
    "memorysetup-profiler-bucket-allocator-block-count=8"
    "memorysetup-profiler-allocator-block-size=16777216"
    "memorysetup-profiler-editor-allocator-block-size=1048576"
    "memorysetup-temp-allocator-size-main=16777216"
    "memorysetup-job-temp-allocator-block-size=2097152"
    "memorysetup-job-temp-allocator-block-size-background=1048576"
    "memorysetup-job-temp-allocator-reduction-small-platforms=262144"
    "memorysetup-temp-allocator-size-background-worker=32768"
    "memorysetup-temp-allocator-size-job-worker=262144"
    "memorysetup-temp-allocator-size-preload-manager=33554432"
    "memorysetup-temp-allocator-size-nav-mesh-worker=65536"
    "memorysetup-temp-allocator-size-audio-worker=65536"
    "memorysetup-temp-allocator-size-cloud-worker=32768"
    "memorysetup-temp-allocator-size-gi-baking-worker=262144"
    "memorysetup-temp-allocator-size-gfx=262144"
Player connection [73868] Host "[IP] 192.168.0.2 [Port] 0 [Flags] 2 [Guid] 87798331 [EditorId] 87798331 [Version] 1048832 [Id] WindowsEditor(7,DESKTOP-P4L4S61) [Debug] 1 [PackageName] WindowsEditor [ProjectName] Editor" joined multi-casting on [225.0.0.222:54997]...

Player connection [73868] Host "[IP] 192.168.0.2 [Port] 0 [Flags] 2 [Guid] 87798331 [EditorId] 87798331 [Version] 1048832 [Id] WindowsEditor(7,DESKTOP-P4L4S61) [Debug] 1 [PackageName] WindowsEditor [ProjectName] Editor" joined alternative multi-casting on [225.0.0.222:34997]...

Refreshing native plugins compatible for Editor in 178.32 ms, found 2 plugins.
Preloading 0 native plugins for Editor in 0.00 ms.
Initialize engine version: 2021.3.22f1 (b6c551784ba3)
[Subsystems] Discovering subsystems at path C:/Program Files/Unity/Hub/Editor/2021.3.22f1/Editor/Data/Resources/UnitySubsystems
[Subsystems] Discovering subsystems at path E:/RPG/Assets
GfxDevice: creating device client; threaded=0; jobified=0
Direct3D:
    Version:  Direct3D 11.0 [level 11.1]
    Renderer: Radeon RX 570 Series (ID=0x67df)
    Vendor:   ATI
    VRAM:     4074 MB
    Driver:   31.0.14037.1007
Initialize mono
Mono path[0] = 'C:/Program Files/Unity/Hub/Editor/2021.3.22f1/Editor/Data/Managed'
Mono path[1] = 'C:/Program Files/Unity/Hub/Editor/2021.3.22f1/Editor/Data/MonoBleedingEdge/lib/mono/unityjit-win32'
Mono config path = 'C:/Program Files/Unity/Hub/Editor/2021.3.22f1/Editor/Data/MonoBleedingEdge/etc'
Using monoOptions --debugger-agent=transport=dt_socket,embedding=1,server=y,suspend=n,address=127.0.0.1:56860
Begin MonoManager ReloadAssembly
Registering precompiled unity dll's ...
Register platform support module: C:/Program Files/Unity/Hub/Editor/2021.3.22f1/Editor/Data/PlaybackEngines/AndroidPlayer/UnityEditor.Android.Extensions.dll
Register platform support module: C:/Program Files/Unity/Hub/Editor/2021.3.22f1/Editor/Data/PlaybackEngines/WindowsStandaloneSupport/UnityEditor.WindowsStandalone.Extensions.dll
Registered in 0.016495 seconds.
Native extension for WindowsStandalone target not found
Native extension for Android target not found
Android Extension - Scanning For ADB Devices 680 ms
Refreshing native plugins compatible for Editor in 126.06 ms, found 2 plugins.
Preloading 0 native plugins for Editor in 0.00 ms.
Mono: successfully reloaded assembly
- Completed reload, in  2.017 seconds
Domain Reload Profiling:
	ReloadAssembly (2019ms)
		BeginReloadAssembly (232ms)
			ExecutionOrderSort (0ms)
			DisableScriptedObjects (0ms)
			BackupInstance (0ms)
			ReleaseScriptingObjects (0ms)
			CreateAndSetChildDomain (1ms)
		EndReloadAssembly (1573ms)
			LoadAssemblies (222ms)
			RebuildTransferFunctionScriptingTraits (0ms)
			SetupTypeCache (209ms)
			ReleaseScriptCaches (0ms)
			RebuildScriptCaches (57ms)
			SetupLoadedEditorAssemblies (1216ms)
				LogAssemblyErrors (0ms)
				InitializePlatformSupportModulesInManaged (792ms)
				SetLoadedEditorAssemblies (0ms)
				RefreshPlugins (126ms)
				BeforeProcessingInitializeOnLoad (2ms)
				ProcessInitializeOnLoadAttributes (184ms)
				ProcessInitializeOnLoadMethodAttributes (110ms)
				AfterProcessingInitializeOnLoad (0ms)
				EditorAssembliesLoaded (0ms)
			ExecutionOrderSort2 (0ms)
			AwakeInstancesAfterBackupRestoration (0ms)
Platform modules already initialized, skipping
Registering precompiled user dll's ...
Registered in 0.006424 seconds.
Begin MonoManager ReloadAssembly
Native extension for WindowsStandalone target not found
Native extension for Android target not found
Refreshing native plugins compatible for Editor in 1.62 ms, found 2 plugins.
Preloading 0 native plugins for Editor in 0.00 ms.
Mono: successfully reloaded assembly
- Completed reload, in  1.450 seconds
Domain Reload Profiling:
	ReloadAssembly (1451ms)
		BeginReloadAssembly (224ms)
			ExecutionOrderSort (0ms)
			DisableScriptedObjects (10ms)
			BackupInstance (0ms)
			ReleaseScriptingObjects (0ms)
			CreateAndSetChildDomain (39ms)
		EndReloadAssembly (1032ms)
			LoadAssemblies (150ms)
			RebuildTransferFunctionScriptingTraits (0ms)
			SetupTypeCache (265ms)
			ReleaseScriptCaches (1ms)
			RebuildScriptCaches (70ms)
			SetupLoadedEditorAssemblies (520ms)
				LogAssemblyErrors (0ms)
				InitializePlatformSupportModulesInManaged (32ms)
				SetLoadedEditorAssemblies (2ms)
				RefreshPlugins (2ms)
				BeforeProcessingInitializeOnLoad (76ms)
				ProcessInitializeOnLoadAttributes (312ms)
				ProcessInitializeOnLoadMethodAttributes (77ms)
				AfterProcessingInitializeOnLoad (20ms)
				EditorAssembliesLoaded (0ms)
			ExecutionOrderSort2 (0ms)
			AwakeInstancesAfterBackupRestoration (14ms)
Platform modules already initialized, skipping
========================================================================
Worker process is ready to serve import requests
Launched and connected shader compiler UnityShaderCompiler.exe after 0.08 seconds
Refreshing native plugins compatible for Editor in 0.95 ms, found 2 plugins.
Preloading 0 native plugins for Editor in 0.00 ms.
Unloading 1593 Unused Serialized files (Serialized files now loaded: 0)
Unloading 31 unused Assets / (483.3 KB). Loaded Objects now: 2082.
Memory consumption went from 136.2 MB to 135.7 MB.
Total: 10.015400 ms (FindLiveObjects: 0.706000 ms CreateObjectMapping: 0.149500 ms MarkObjects: 6.246000 ms  DeleteObjects: 2.912500 ms)

AssetImportParameters requested are different than current active one (requested -> active):
  custom:video-decoder-ogg-theora: a1e56fd34408186e4bbccfd4996cb3dc -> 
  custom:container-muxer-webm: aa71ff27fc2769a1b78a27578f13a17b -> 
  custom:container-demuxer-webm: 4f35f7cbe854078d1ac9338744f61a02 -> 
  custom:video-encoder-webm-vp8: eb34c28f22e8b96e1ab97ce403110664 -> 
  custom:audio-encoder-webm-vorbis: bf7c407c2cedff20999df2af8eb42d56 -> 
  custom:framework-win-MediaFoundation: 216162199b28c13a410421893ffa2e32 -> 
  custom:container-demuxer-ogg: 62fdf1f143b41e24485cea50d1cbac27 -> 
  custom:video-decoder-webm-vp8: 9c59270c3fd7afecdb556c50c9e8de78 -> 
  custom:audio-decoder-ogg-vorbis: bf7c407c2cedff20999df2af8eb42d56 -> 
========================================================================
Received Import Request.
  Time since last request: 94793.335580 seconds.
  path: Assets/Character/attack.fbx
  artifactKey: Guid(8c7f540338f21504f97c0a1bcd64217c) Importer(815301076,1909f56bfc062723c751e8b465ee728b)
Start importing Assets/Character/attack.fbx using Guid(8c7f540338f21504f97c0a1bcd64217c) Importer(815301076,1909f56bfc062723c751e8b465ee728b)  -> (artifact id: 'f52fee427a975da789ce48f2377c8bf2') in 0.297757 seconds 
========================================================================
Received Import Request.
  Time since last request: 0.000035 seconds.
  path: Assets/Character/sword and shield power up.fbx
  artifactKey: Guid(caa603e505c3b2a4b8eda181b5805943) Importer(815301076,1909f56bfc062723c751e8b465ee728b)
Start importing Assets/Character/sword and shield power up.fbx using Guid(caa603e505c3b2a4b8eda181b5805943) Importer(815301076,1909f56bfc062723c751e8b465ee728b)  -> (artifact id: 'a47247e7aab62761b0da96a7b59a9514') in 0.039451 seconds 
========================================================================
Received Import Request.
  Time since last request: 0.000044 seconds.
  path: Assets/Character/sword and shield crouch block idle.fbx
  artifactKey: Guid(fa4c2463e75165240a291dbb395aac00) Importer(815301076,1909f56bfc062723c751e8b465ee728b)
Start importing Assets/Character/sword and shield crouch block idle.fbx using Guid(fa4c2463e75165240a291dbb395aac00) Importer(815301076,1909f56bfc062723c751e8b465ee728b)  -> (artifact id: 'be11847c1049d60f402f3dc4faa2bcd7') in 0.056295 seconds 
========================================================================
Received Import Request.
  Time since last request: 0.000026 seconds.
  path: Assets/Character/walk.fbx
  artifactKey: Guid(a48199d6bbc94eb4abab8a2fae7de29c) Importer(815301076,1909f56bfc062723c751e8b465ee728b)
Start importing Assets/Character/walk.fbx using Guid(a48199d6bbc94eb4abab8a2fae7de29c) Importer(815301076,1909f56bfc062723c751e8b465ee728b)  -> (artifact id: '23f5d0c8099bfe50e3e0924a97cf157b') in 0.037441 seconds 
========================================================================
Received Import Request.
  Time since last request: 0.000030 seconds.
  path: Assets/Character/sword and shield attack.fbx
  artifactKey: Guid(1cfbd15930c6d644aa1f61714a12a032) Importer(815301076,1909f56bfc062723c751e8b465ee728b)
Start importing Assets/Character/sword and shield attack.fbx using Guid(1cfbd15930c6d644aa1f61714a12a032) Importer(815301076,1909f56bfc062723c751e8b465ee728b)  -> (artifact id: '0fa5c3ff32f56f15a971f52c8b0fbc11') in 0.059227 seconds 
========================================================================
Received Import Request.
  Time since last request: 0.000123 seconds.
  path: Assets/Character/sword and shield 180 turn (2).fbx
  artifactKey: Guid(161a2aa4576fb444a80a9b8a346fe994) Importer(815301076,1909f56bfc062723c751e8b465ee728b)
Start importing Assets/Character/sword and shield 180 turn (2).fbx using Guid(161a2aa4576fb444a80a9b8a346fe994) Importer(815301076,1909f56bfc062723c751e8b465ee728b)  -> (artifact id: '3bd798c9fccb6dd8a6f9f934a0d99fba') in 0.033096 seconds 
========================================================================
Received Import Request.
  Time since last request: 0.000028 seconds.
  path: Assets/Character/sword and shield slash (2).fbx
  artifactKey: Guid(e0314bb20d729b1488871a3d007d3459) Importer(815301076,1909f56bfc062723c751e8b465ee728b)
Start importing Assets/Character/sword and shield slash (2).fbx using Guid(e0314bb20d729b1488871a3d007d3459) Importer(815301076,1909f56bfc062723c751e8b465ee728b)  -> (artifact id: '19f1ec55955f1c34e09126bf5516328d') in 0.039679 seconds 
========================================================================
Received Import Request.
  Time since last request: 0.000036 seconds.
  path: Assets/Character/sback.fbx
  artifactKey: Guid(e37f7a67a6b70404c8d5a0c2d3a374cd) Importer(815301076,1909f56bfc062723c751e8b465ee728b)
Start importing Assets/Character/sback.fbx using Guid(e37f7a67a6b70404c8d5a0c2d3a374cd) Importer(815301076,1909f56bfc062723c751e8b465ee728b)  -> (artifact id: '4cee014785ea91c16abd9ffe97900aa9') in 0.014553 seconds 
========================================================================
Received Import Request.
  Time since last request: 0.000022 seconds.
  path: Assets/Character/jump.fbx
  artifactKey: Guid(8363c3a67e97bdb4f9bc10c417a074ec) Importer(815301076,1909f56bfc062723c751e8b465ee728b)
Start importing Assets/Character/jump.fbx using Guid(8363c3a67e97bdb4f9bc10c417a074ec) Importer(815301076,1909f56bfc062723c751e8b465ee728b)  -> (artifact id: '8c1b37c20949a39c2322b581f2446e94') in 0.017388 seconds 
========================================================================
Received Import Request.
  Time since last request: 0.000029 seconds.
  path: Assets/Character/sword and shield slash (5).fbx
  artifactKey: Guid(8e3f3863ddedbb541911a0bbfc09b7c5) Importer(815301076,1909f56bfc062723c751e8b465ee728b)
Start importing Assets/Character/sword and shield slash (5).fbx using Guid(8e3f3863ddedbb541911a0bbfc09b7c5) Importer(815301076,1909f56bfc062723c751e8b465ee728b)  -> (artifact id: '9fb7de2c09f5c743e54a6dbfb53cf7e9') in 0.035464 seconds 
========================================================================
Received Import Request.
  Time since last request: 0.000025 seconds.
  path: Assets/Character/paladin.fbx
  artifactKey: Guid(44c5c18e9c802ca498b9189835fa42be) Importer(815301076,1909f56bfc062723c751e8b465ee728b)
Start importing Assets/Character/paladin.fbx using Guid(44c5c18e9c802ca498b9189835fa42be) Importer(815301076,1909f56bfc062723c751e8b465ee728b)  -> (artifact id: '2e663cd5b7b499d84e61523e36d98cc9') in 1.170594 seconds 
========================================================================
Received Prepare
Registering precompiled user dll's ...
Registered in 0.003191 seconds.
Begin MonoManager ReloadAssembly
Native extension for WindowsStandalone target not found
Native extension for Android target not found
Refreshing native plugins compatible for Editor in 1.14 ms, found 2 plugins.
Preloading 0 native plugins for Editor in 0.00 ms.
Mono: successfully reloaded assembly
- Completed reload, in  1.366 seconds
Domain Reload Profiling:
	ReloadAssembly (1367ms)
		BeginReloadAssembly (243ms)
			ExecutionOrderSort (0ms)
			DisableScriptedObjects (6ms)
			BackupInstance (0ms)
			ReleaseScriptingObjects (0ms)
			CreateAndSetChildDomain (55ms)
		EndReloadAssembly (942ms)
			LoadAssemblies (166ms)
			RebuildTransferFunctionScriptingTraits (0ms)
			SetupTypeCache (278ms)
			ReleaseScriptCaches (1ms)
			RebuildScriptCaches (61ms)
			SetupLoadedEditorAssemblies (422ms)
				LogAssemblyErrors (0ms)
				InitializePlatformSupportModulesInManaged (30ms)
				SetLoadedEditorAssemblies (1ms)
				RefreshPlugins (1ms)
				BeforeProcessingInitializeOnLoad (71ms)
				ProcessInitializeOnLoadAttributes (277ms)
				ProcessInitializeOnLoadMethodAttributes (30ms)
				AfterProcessingInitializeOnLoad (12ms)
				EditorAssembliesLoaded (0ms)
			ExecutionOrderSort2 (0ms)
			AwakeInstancesAfterBackupRestoration (18ms)
Platform modules already initialized, skipping
Refreshing native plugins compatible for Editor in 1.60 ms, found 2 plugins.
Preloading 0 native plugins for Editor in 0.00 ms.
Unloading 1564 Unused Serialized files (Serialized files now loaded: 0)
Unloading 12 unused Assets / (457.7 KB). Loaded Objects now: 2109.
Memory consumption went from 150.4 MB to 149.9 MB.
Total: 3.147600 ms (FindLiveObjects: 0.225600 ms CreateObjectMapping: 0.136900 ms MarkObjects: 2.466000 ms  DeleteObjects: 0.317600 ms)

AssetImportParameters requested are different than current active one (requested -> active):
  custom:video-decoder-ogg-theora: a1e56fd34408186e4bbccfd4996cb3dc -> 
  custom:container-muxer-webm: aa71ff27fc2769a1b78a27578f13a17b -> 
  custom:container-demuxer-webm: 4f35f7cbe854078d1ac9338744f61a02 -> 
  custom:video-encoder-webm-vp8: eb34c28f22e8b96e1ab97ce403110664 -> 
  custom:audio-encoder-webm-vorbis: bf7c407c2cedff20999df2af8eb42d56 -> 
  custom:framework-win-MediaFoundation: 216162199b28c13a410421893ffa2e32 -> 
  custom:container-demuxer-ogg: 62fdf1f143b41e24485cea50d1cbac27 -> 
  custom:video-decoder-webm-vp8: 9c59270c3fd7afecdb556c50c9e8de78 -> 
  custom:audio-decoder-ogg-vorbis: bf7c407c2cedff20999df2af8eb42d56 -> 
